-------------------------------------------------------------------------------
Test set: com.andre.friendsapi.FriendsapiApplicationTests
-------------------------------------------------------------------------------
Tests run: 1, Failures: 0, Errors: 1, Skipped: 0, Time elapsed: 4.253 s <<< FAILURE! - in com.andre.friendsapi.FriendsapiApplicationTests
contextLoads  Time elapsed: 0.002 s  <<< ERROR!
java.lang.IllegalStateException: Failed to load ApplicationContext
Caused by: org.springframework.beans.factory.BeanCreationException: 
Error creating bean with name 'scriptDataSourceInitializer' defined in class path resource [org/springframework/boot/autoconfigure/jdbc/DataSourceInitializationConfiguration$SharedCredentialsDataSourceInitializationConfiguration.class]: Invocation of init method failed; nested exception is org.springframework.jdbc.datasource.init.ScriptStatementFailedException: Failed to execute SQL script statement #1 of URL [file:/C:/Users/al.soares/Documents/Andr%C3%A9/projetos/crud-springboot-angular/backend-friendsapi/target/classes/data.sql]: insert into Friend values (1, 'Nigeria', 'Comp Sc', 'kindson@mail.com', 'Kindson', 'Monuye'); nested exception is org.h2.jdbc.JdbcSQLSyntaxErrorException: Table "FRIEND" not found; SQL statement:
insert into Friend values (1, 'Nigeria', 'Comp Sc', 'kindson@mail.com', 'Kindson', 'Monuye') [42102-200]
Caused by: org.springframework.jdbc.datasource.init.ScriptStatementFailedException: 
Failed to execute SQL script statement #1 of URL [file:/C:/Users/al.soares/Documents/Andr%C3%A9/projetos/crud-springboot-angular/backend-friendsapi/target/classes/data.sql]: insert into Friend values (1, 'Nigeria', 'Comp Sc', 'kindson@mail.com', 'Kindson', 'Monuye'); nested exception is org.h2.jdbc.JdbcSQLSyntaxErrorException: Table "FRIEND" not found; SQL statement:
insert into Friend values (1, 'Nigeria', 'Comp Sc', 'kindson@mail.com', 'Kindson', 'Monuye') [42102-200]
Caused by: org.h2.jdbc.JdbcSQLSyntaxErrorException: 
Table "FRIEND" not found; SQL statement:
insert into Friend values (1, 'Nigeria', 'Comp Sc', 'kindson@mail.com', 'Kindson', 'Monuye') [42102-200]

